<?xml version="1.0" encoding="UTF-8"?>
<!-- Generated by org.testng.reporters.JUnitReportReporter -->
<testsuite hostname="IFOCUS-LT100" failures="0" tests="1" name="in.ifocussystec.Jenkins_Test_Automation.AppTest" time="0.012" errors="0" timestamp="2025-01-02T17:00:30 IST" skipped="0">
  <testcase classname="in.ifocussystec.Jenkins_Test_Automation.AppTest" name="shouldAnswerWithTrue" time="0.012"/>
  <system-out/>
</testsuite> <!-- in.ifocussystec.Jenkins_Test_Automation.AppTest -->
